Clock: clk
Sources: clk 
Generated: no
Virtual: yes
Propagated: no
Period: 10.000000

===========================================================================
report_clock_properties
============================================================================
Clock                   Period          Waveform
----------------------------------------------------
clk                  10.000000    0.000000  5.000000

===========================================================================
report_clock_latency
============================================================================
Clock clk
rise -> rise
    min     max
0.000000 0.000000 source latency
0.395437         network latency _453_/CLK
        2.763751 network latency _468_/GATE_N
---------------
0.395437 2.763751 latency
        2.368315 skew

rise -> fall
    min     max
0.000000 0.000000 source latency
2.381706         network latency _463_/GATE_N
        2.667003 network latency _468_/GATE_N
---------------
2.381706 2.667003 latency
        0.285298 skew

fall -> fall
    min     max
0.000000 0.000000 source latency
0.362419         network latency _453_/CLK
        0.365966 network latency _483_/CLK
---------------
0.362419 0.365966 latency
        0.003546 skew



===========================================================================
report_clock_min_period
============================================================================
clk period_min = 2.22 fmax = 451.19
