
===========================================================================
report_checks -unconstrained
===========================================================================
======================= nom_ff_n40C_1v95 Corner ===================================

Startpoint: rst_n (input port clocked by clk)
Endpoint: _487_ (rising edge-triggered flip-flop clocked by clk)
Path Group: clk
Path Type: max

Fanout         Cap        Slew       Delay        Time   Description
---------------------------------------------------------------------------------------------
                      0.150000    0.000000    0.000000   clock clk (rise edge)
                                  0.000000    0.000000   clock network delay (ideal)
                                  2.000000    2.000000 ^ input external delay
    32    0.063796    0.219225    0.150084    2.150084 ^ rst_n (in)
                                                         rst_n (net)
                      0.219225    0.000000    2.150084 ^ _314_/B (sky130_fd_sc_hd__and2b_2)
    10    0.026690    0.108370    0.173621    2.323704 ^ _314_/X (sky130_fd_sc_hd__and2b_2)
                                                         _157_ (net)
                      0.108370    0.000000    2.323704 ^ _390_/S (sky130_fd_sc_hd__mux2_1)
     1    0.001783    0.034773    0.183896    2.507600 v _390_/X (sky130_fd_sc_hd__mux2_1)
                                                         _072_ (net)
                      0.034773    0.000000    2.507600 v _487_/D (sky130_fd_sc_hd__dfxtp_2)
                                              2.507600   data arrival time

                      0.150000   10.000000   10.000000   clock clk (rise edge)
                                  0.000000   10.000000   clock network delay (ideal)
                                 -0.250000    9.750000   clock uncertainty
                                  0.000000    9.750000   clock reconvergence pessimism
                                              9.750000 ^ _487_/CLK (sky130_fd_sc_hd__dfxtp_2)
                                 -0.060854    9.689147   library setup time
                                              9.689147   data required time
---------------------------------------------------------------------------------------------
                                              9.689147   data required time
                                             -2.507600   data arrival time
---------------------------------------------------------------------------------------------
                                              7.181547   slack (MET)




===========================================================================
report_checks --slack_max -0.01
============================================================================
======================= nom_ff_n40C_1v95 Corner ===================================

No paths found.


===========================================================================
 report_check_types -max_slew -max_cap -max_fanout -violators
============================================================================
======================= nom_ff_n40C_1v95 Corner ===================================

max fanout

Pin                                   Limit Fanout  Slack
---------------------------------------------------------
rst_n                                    10     32    -22 (VIOLATED)
_495_/Q                                  10     17     -7 (VIOLATED)
_440_/Q                                  10     13     -3 (VIOLATED)
_494_/Q                                  10     13     -3 (VIOLATED)
_219_/X                                  10     12     -2 (VIOLATED)
_492_/Q                                  10     12     -2 (VIOLATED)
_216_/X                                  10     11        (VIOLATED)
_496_/Q                                  10     11        (VIOLATED)



===========================================================================
report_parasitic_annotation -report_unannotated
============================================================================
Found 304 unannotated drivers.
 clk
 data_8bit_in[0]
 data_8bit_in[1]
 data_8bit_in[2]
 data_8bit_in[3]
 data_8bit_in[4]
 data_8bit_in[5]
 data_8bit_in[6]
 data_8bit_in[7]
 data_en
 rst_n
 _208_/Y
 _209_/Y
 _210_/Y
 _211_/Y
 _212_/Y
 _213_/Y
 _214_/Y
 _215_/Y
 _216_/X
 _217_/X
 _218_/X
 _219_/X
 _220_/X
 _221_/X
 _222_/Y
 _223_/X
 _224_/X
 _225_/Y
 _226_/X
 _227_/X
 _228_/X
 _229_/X
 _230_/X
 _231_/X
 _232_/X
 _233_/X
 _234_/X
 _235_/X
 _236_/X
 _237_/Y
 _238_/X
 _239_/X
 _240_/X
 _241_/X
 _242_/X
 _243_/Y
 _244_/Y
 _245_/Y
 _246_/Y
 _247_/X
 _248_/X
 _249_/Y
 _250_/X
 _251_/X
 _252_/Y
 _253_/X
 _254_/X
 _255_/X
 _256_/X
 _257_/X
 _258_/X
 _259_/X
 _260_/X
 _261_/X
 _262_/X
 _263_/X
 _264_/Y
 _265_/X
 _266_/X
 _267_/X
 _268_/X
 _269_/X
 _270_/Y
 _271_/X
 _272_/X
 _273_/Y
 _274_/X
 _275_/Y
 _276_/X
 _277_/Y
 _278_/X
 _279_/X
 _280_/X
 _281_/Y
 _282_/Y
 _283_/X
 _284_/X
 _285_/X
 _286_/Y
 _287_/Y
 _288_/X
 _289_/X
 _290_/X
 _291_/Y
 _292_/Y
 _293_/Y
 _294_/X
 _295_/X
 _296_/X
 _297_/X
 _298_/Y
 _299_/X
 _300_/X
 _301_/X
 _302_/X
 _303_/Y
 _304_/Y
 _305_/X
 _306_/X
 _307_/X
 _308_/X
 _309_/Y
 _310_/X
 _311_/X
 _312_/X
 _313_/X
 _314_/X
 _315_/X
 _316_/X
 _317_/X
 _318_/X
 _319_/X
 _320_/X
 _321_/X
 _322_/X
 _323_/X
 _324_/X
 _325_/Y
 _326_/Y
 _327_/Y
 _328_/Y
 _329_/Y
 _330_/X
 _331_/Y
 _332_/X
 _333_/Y
 _334_/X
 _335_/X
 _336_/X
 _337_/Y
 _338_/X
 _339_/Y
 _340_/X
 _341_/Y
 _342_/X
 _343_/X
 _344_/X
 _345_/X
 _346_/X
 _347_/X
 _348_/Y
 _349_/Y
 _350_/Y
 _351_/X
 _352_/X
 _353_/X
 _354_/Y
 _355_/X
 _356_/Y
 _357_/X
 _358_/X
 _359_/Y
 _360_/Y
 _361_/X
 _362_/X
 _363_/Y
 _364_/X
 _365_/X
 _366_/X
 _367_/Y
 _368_/X
 _369_/Y
 _370_/X
 _371_/X
 _372_/X
 _373_/X
 _374_/X
 _375_/X
 _376_/X
 _377_/X
 _378_/X
 _379_/X
 _380_/X
 _381_/X
 _382_/X
 _383_/X
 _384_/X
 _385_/X
 _386_/X
 _387_/X
 _388_/X
 _389_/X
 _390_/X
 _391_/Y
 _392_/Y
 _393_/Y
 _394_/Y
 _395_/Y
 _396_/Y
 _397_/X
 _398_/X
 _399_/X
 _400_/X
 _401_/X
 _402_/Y
 _403_/Y
 _404_/X
 _405_/X
 _406_/X
 _407_/X
 _408_/X
 _409_/X
 _410_/X
 _411_/X
 _412_/X
 _413_/X
 _414_/X
 _415_/X
 _416_/Q
 _417_/Q
 _418_/Q
 _419_/Q
 _420_/Q
 _421_/Q
 _422_/Q
 _423_/Q
 _424_/Q
 _425_/Q
 _426_/Q
 _427_/Q
 _428_/Q
 _429_/Q
 _430_/Q
 _431_/Q
 _432_/Q
 _433_/Q
 _434_/Q
 _435_/Q
 _436_/Q
 _437_/Q
 _438_/Q
 _439_/Q
 _440_/Q
 _441_/Q
 _442_/Q
 _443_/Q
 _444_/Q
 _445_/Q
 _446_/Q
 _447_/Q
 _448_/Q
 _449_/Q
 _450_/Q
 _451_/Q
 _452_/Q
 _453_/Q
 _454_/Q
 _455_/Q
 _456_/Q
 _457_/Q
 _458_/Q
 _459_/Q
 _460_/Q
 _461_/Q
 _462_/Q
 _463_/Q
 _464_/Q
 _465_/Q
 _466_/Q
 _467_/Q
 _468_/Q
 _469_/Q
 _470_/Q
 _471_/Q
 _472_/Q
 _473_/Q
 _474_/Q
 _475_/Q
 _476_/Q
 _477_/Q
 _478_/Q
 _479_/Q
 _480_/Q
 _481_/Q
 _482_/Q
 _483_/Q
 _484_/Q
 _485_/Q
 _486_/Q
 _487_/Q
 _488_/Q
 _489_/Q
 _490_/Q
 _491_/Q
 _492_/Q
 _493_/Q
 _494_/Q
 _495_/Q
 _496_/Q
 _497_/Q
 _498_/Q
 _499_/Q
 _500_/Q
Found 0 partially unannotated drivers.

===========================================================================
max slew violation count 0
max fanout violation count 8
max cap violation count 0
============================================================================

===========================================================================
check_setup -verbose -unconstrained_endpoints -multiple_clock -no_clock -no_input_delay -loops -generated_clocks
===========================================================================
Warning: There are 8 unclocked register/latch pins.
  _461_/GATE_N
  _462_/GATE_N
  _463_/GATE_N
  _464_/GATE_N
  _465_/GATE_N
  _466_/GATE_N
  _467_/GATE_N
  _468_/GATE_N
Warning: There are 8 unconstrained endpoints.
  _461_/D
  _462_/D
  _463_/D
  _464_/D
  _465_/D
  _466_/D
  _467_/D
  _468_/D
