Clock: clk
Sources: clk 
Generated: no
Virtual: no
Propagated: no
Period: 10.000000

===========================================================================
report_clock_properties
============================================================================
Clock                   Period          Waveform
----------------------------------------------------
clk                  10.000000    0.000000  5.000000

===========================================================================
report_clock_latency
============================================================================
Clock clk
rise -> rise
    min     max
0.000000 0.000000 source latency
0.349315         network latency _416_/CLK
        2.297134 network latency _461_/GATE_N
---------------
0.349315 2.297134 latency
        1.947819 skew

rise -> fall
    min     max
0.000000 0.000000 source latency
2.163652         network latency _461_/GATE_N
        2.214426 network latency _461_/GATE_N
---------------
2.163652 2.214426 latency
        0.050774 skew

fall -> fall
    min     max
0.000000 0.000000 source latency
0.150286         network latency _416_/CLK
        0.150286 network latency _416_/CLK
---------------
0.150286 0.150286 latency
        0.000000 skew



===========================================================================
report_clock_min_period
============================================================================
clk period_min = 1.31 fmax = 762.22
