Reading OpenROAD database at '/home/kevinlim/rtl/serdes/backend/runs/RUN_2026-01-28_17-21-54/24-openroad-ioplacement/serdes_8bit.odb'…
Reading library file at '/home/kevinlim/.ciel/ciel/sky130/versions/0fe599b2afb6708d281543108caf8310912f54af/sky130A/libs.ref/sky130_fd_sc_hd/lib/sky130_fd_sc_hd__tt_025C_1v80.lib'…
Reading design constraints file at '/nix/store/dygnx4pddrv785rmrg7jb5gks9z6hrx7-python3-3.11.9-env/lib/python3.11/site-packages/librelane/scripts/base.sdc'…
[INFO] Using clock clk…
[INFO] Setting output delay to: 2
[INFO] Setting input delay to: 2
[INFO] Setting load to: 0.033442
[INFO] Setting clock uncertainty to: 0.25
[INFO] Setting clock transition to: 0.1499999999999999944488848768742172978818416595458984375
[INFO] Setting timing derate to: 5%
[INFO] Setting RC values…
[INFO] Setting signal min routing layer to: met1 and clock min routing layer to met1. 
[INFO] Setting signal max routing layer to: met5 and clock max routing layer to met5. 
+ global_placement -density 0.623278 -timing_driven -routability_driven -pad_right 0 -pad_left 0 -init_wirelength_coef 0.25
[INFO GPL-0002] DBU: 1000
[INFO GPL-0003] SiteSize: (  0.460  2.720 ) um
[INFO GPL-0004] CoreBBox: (  5.520 10.880 ) ( 90.620 95.200 ) um
[INFO GPL-0006] NumInstances:               454
[INFO GPL-0007] NumPlaceInstances:          293
[INFO GPL-0008] NumFixedInstances:          161
[INFO GPL-0009] NumDummyInstances:            0
[INFO GPL-0010] NumNets:                    304
[INFO GPL-0011] NumPins:                   1084
[INFO GPL-0012] DieBBox:  (  0.000  0.000 ) ( 96.255 106.975 ) um
[INFO GPL-0013] CoreBBox: (  5.520 10.880 ) ( 90.620 95.200 ) um
[INFO GPL-0016] CoreArea:              7175.632 um^2
[INFO GPL-0017] NonPlaceInstsArea:      356.592 um^2
[INFO GPL-0018] PlaceInstsArea:        3630.982 um^2
[INFO GPL-0019] Util:                    53.248 %
[INFO GPL-0020] StdInstsArea:          3630.982 um^2
[INFO GPL-0021] MacroInstsArea:           0.000 um^2
[InitialPlace]  Iter: 1 CG residual: 0.00000008 HPWL: 5682049
[InitialPlace]  Iter: 2 CG residual: 0.00000010 HPWL: 3929465
[InitialPlace]  Iter: 3 CG residual: 0.00000010 HPWL: 3880833
[InitialPlace]  Iter: 4 CG residual: 0.00000012 HPWL: 3860109
[InitialPlace]  Iter: 5 CG residual: 0.00000012 HPWL: 3828784
[INFO GPL-0031] FillerInit:NumGCells:       343
[INFO GPL-0032] FillerInit:NumGNets:        304
[INFO GPL-0033] FillerInit:NumGPins:       1084
[INFO GPL-0023] TargetDensity:            0.623
[INFO GPL-0024] AvrgPlaceInstArea:       12.392 um^2
[INFO GPL-0025] IdealBinArea:            19.883 um^2
[INFO GPL-0026] IdealBinCnt:                360
[INFO GPL-0027] TotalBinArea:          7175.632 um^2
[INFO GPL-0028] BinCnt:        16     16
[INFO GPL-0029] BinSize: (  5.319  5.270 )
[INFO GPL-0030] NumBins: 256
[NesterovSolve] Iter:    1 overflow: 0.838 HPWL: 1637839
[INFO GPL-0100] Timing-driven: executing resizer for reweighting nets.
[INFO GPL-0101] Timing-driven: worst slack 6.67e-09
[INFO GPL-0103] Timing-driven: weighted 29 nets.
[NesterovSolve] Iter:   10 overflow: 0.745 HPWL: 1818469
[NesterovSolve] Iter:   20 overflow: 0.743 HPWL: 1818823
[NesterovSolve] Iter:   30 overflow: 0.733 HPWL: 1815010
[NesterovSolve] Iter:   40 overflow: 0.738 HPWL: 1819925
[NesterovSolve] Iter:   50 overflow: 0.741 HPWL: 1825776
[NesterovSolve] Iter:   60 overflow: 0.741 HPWL: 1829663
[NesterovSolve] Iter:   70 overflow: 0.742 HPWL: 1831309
[NesterovSolve] Iter:   80 overflow: 0.739 HPWL: 1829676
[NesterovSolve] Iter:   90 overflow: 0.739 HPWL: 1827833
[NesterovSolve] Iter:  100 overflow: 0.740 HPWL: 1826513
[NesterovSolve] Iter:  110 overflow: 0.740 HPWL: 1825556
[NesterovSolve] Iter:  120 overflow: 0.739 HPWL: 1824826
[NesterovSolve] Iter:  130 overflow: 0.737 HPWL: 1824956
[NesterovSolve] Iter:  140 overflow: 0.734 HPWL: 1826403
[NesterovSolve] Iter:  150 overflow: 0.730 HPWL: 1829694
[NesterovSolve] Iter:  160 overflow: 0.721 HPWL: 1835907
[NesterovSolve] Iter:  170 overflow: 0.710 HPWL: 1845105
[NesterovSolve] Iter:  180 overflow: 0.697 HPWL: 1874554
[NesterovSolve] Iter:  190 overflow: 0.663 HPWL: 1929530
[INFO GPL-0100] Timing-driven: executing resizer for reweighting nets.
[INFO GPL-0101] Timing-driven: worst slack 6.64e-09
[INFO GPL-0103] Timing-driven: weighted 30 nets.
[NesterovSolve] Iter:  200 overflow: 0.626 HPWL: 2026147
[NesterovSolve] Iter:  210 overflow: 0.602 HPWL: 2143477
[NesterovSolve] Snapshot saved at iter = 210
[NesterovSolve] Iter:  220 overflow: 0.563 HPWL: 2248919
[NesterovSolve] Iter:  230 overflow: 0.529 HPWL: 2370893
[INFO GPL-0100] Timing-driven: executing resizer for reweighting nets.
[INFO GPL-0101] Timing-driven: worst slack 6.6e-09
[INFO GPL-0103] Timing-driven: weighted 30 nets.
[NesterovSolve] Iter:  240 overflow: 0.481 HPWL: 2504941
[NesterovSolve] Iter:  250 overflow: 0.449 HPWL: 2636603
[NesterovSolve] Iter:  260 overflow: 0.408 HPWL: 2736149
[NesterovSolve] Iter:  270 overflow: 0.363 HPWL: 2805338
[NesterovSolve] Iter:  280 overflow: 0.326 HPWL: 2865246
[INFO GPL-0075] Routability numCall: 1 inflationIterCnt: 1 bloatIterCnt: 0
[INFO GPL-0036] TileBBox: (    0    0 ) ( 6900 6900 ) DBU
[INFO GPL-0038] TileCnt:      13   15
[INFO GPL-0040] NumTiles: 195
[INFO GPL-0081] TotalRouteOverflow: 0
[INFO GPL-0082] OverflowTileCnt: 0
[INFO GPL-0083] 0.5%RC: 0.8641847372055054
[INFO GPL-0084] 1.0%RC: 0.8247776627540588
[INFO GPL-0085] 2.0%RC: 0.7933156788349152
[INFO GPL-0086] 5.0%RC: 0.7204341292381287
[INFO GPL-0087] FinalRC: 0.8444812
[INFO GPL-0077] FinalRC lower than targetRC(1.01), routability not needed.
[NesterovSolve] Iter:  290 overflow: 0.294 HPWL: 2901939
[INFO GPL-0100] Timing-driven: executing resizer for reweighting nets.
[INFO GPL-0101] Timing-driven: worst slack 6.56e-09
[INFO GPL-0103] Timing-driven: weighted 30 nets.
[NesterovSolve] Iter:  300 overflow: 0.260 HPWL: 2980891
[NesterovSolve] Iter:  310 overflow: 0.223 HPWL: 3034694
[INFO GPL-0100] Timing-driven: executing resizer for reweighting nets.
[INFO GPL-0101] Timing-driven: worst slack 6.56e-09
[INFO GPL-0103] Timing-driven: weighted 30 nets.
[NesterovSolve] Iter:  320 overflow: 0.197 HPWL: 3114145
[NesterovSolve] Iter:  330 overflow: 0.166 HPWL: 3170697
[NesterovSolve] Iter:  340 overflow: 0.144 HPWL: 3215202
[INFO GPL-0100] Timing-driven: executing resizer for reweighting nets.
[INFO GPL-0101] Timing-driven: worst slack 6.56e-09
[INFO GPL-0103] Timing-driven: weighted 30 nets.
[NesterovSolve] Iter:  350 overflow: 0.120 HPWL: 3269259
[NesterovSolve] Iter:  360 overflow: 0.104 HPWL: 3309798
[NesterovSolve] Finished with Overflow: 0.098210
[INFO] Setting RC values…
Setting global connections for newly added cells…
[INFO] Setting global connections...
Updating metrics…
Cell type report:                       Count       Area
  Fill cell                                62     232.72
  Tap cell                                 99     123.87
  Inverter                                 10      37.54
  Sequential cell                          85    1757.94
  Multi-Input combinational cell          198    1835.51
  Total                                   454    3987.57
Writing OpenROAD database to '/home/kevinlim/rtl/serdes/backend/runs/RUN_2026-01-28_17-21-54/27-openroad-globalplacement/serdes_8bit.odb'…
Writing netlist to '/home/kevinlim/rtl/serdes/backend/runs/RUN_2026-01-28_17-21-54/27-openroad-globalplacement/serdes_8bit.nl.v'…
Writing powered netlist to '/home/kevinlim/rtl/serdes/backend/runs/RUN_2026-01-28_17-21-54/27-openroad-globalplacement/serdes_8bit.pnl.v'…
Writing layout to '/home/kevinlim/rtl/serdes/backend/runs/RUN_2026-01-28_17-21-54/27-openroad-globalplacement/serdes_8bit.def'…
Writing timing constraints to '/home/kevinlim/rtl/serdes/backend/runs/RUN_2026-01-28_17-21-54/27-openroad-globalplacement/serdes_8bit.sdc'…
