Reading library file at '/home/kevinlim/.ciel/ciel/sky130/versions/0fe599b2afb6708d281543108caf8310912f54af/sky130A/libs.ref/sky130_fd_sc_hd/lib/sky130_fd_sc_hd__tt_025C_1v80.lib'…
Reading technology LEF file at '/home/kevinlim/.ciel/ciel/sky130/versions/0fe599b2afb6708d281543108caf8310912f54af/sky130A/libs.ref/sky130_fd_sc_hd/techlef/sky130_fd_sc_hd__nom.tlef'…
[INFO ODB-0227] LEF file: /home/kevinlim/.ciel/ciel/sky130/versions/0fe599b2afb6708d281543108caf8310912f54af/sky130A/libs.ref/sky130_fd_sc_hd/techlef/sky130_fd_sc_hd__nom.tlef, created 14 layers, 25 vias
Reading cell LEF file at '/home/kevinlim/.ciel/ciel/sky130/versions/0fe599b2afb6708d281543108caf8310912f54af/sky130A/libs.ref/sky130_fd_sc_hd/lef/sky130_ef_sc_hd.lef'…
[WARNING ODB-0220] WARNING (LEFPARS-2008): NOWIREEXTENSIONATPIN statement is obsolete in version 5.6 or later.
The NOWIREEXTENSIONATPIN statement will be ignored. See file /home/kevinlim/.ciel/ciel/sky130/versions/0fe599b2afb6708d281543108caf8310912f54af/sky130A/libs.ref/sky130_fd_sc_hd/lef/sky130_ef_sc_hd.lef at line 2.

[INFO ODB-0227] LEF file: /home/kevinlim/.ciel/ciel/sky130/versions/0fe599b2afb6708d281543108caf8310912f54af/sky130A/libs.ref/sky130_fd_sc_hd/lef/sky130_ef_sc_hd.lef, created 4 library cells
Reading cell LEF file at '/home/kevinlim/.ciel/ciel/sky130/versions/0fe599b2afb6708d281543108caf8310912f54af/sky130A/libs.ref/sky130_fd_sc_hd/lef/sky130_fd_sc_hd.lef'…
[WARNING ODB-0220] WARNING (LEFPARS-2008): NOWIREEXTENSIONATPIN statement is obsolete in version 5.6 or later.
The NOWIREEXTENSIONATPIN statement will be ignored. See file /home/kevinlim/.ciel/ciel/sky130/versions/0fe599b2afb6708d281543108caf8310912f54af/sky130A/libs.ref/sky130_fd_sc_hd/lef/sky130_fd_sc_hd.lef at line 2.

[INFO ODB-0227] LEF file: /home/kevinlim/.ciel/ciel/sky130/versions/0fe599b2afb6708d281543108caf8310912f54af/sky130A/libs.ref/sky130_fd_sc_hd/lef/sky130_fd_sc_hd.lef, created 437 library cells
Reading top-level netlist at '/home/kevinlim/rtl/serdes/backend/runs/RUN_2026-01-28_17-21-54/06-yosys-synthesis/serdes_8bit.nl.v'…
Linking design 'serdes_8bit' from netlist…
Reading design constraints file at '/nix/store/dygnx4pddrv785rmrg7jb5gks9z6hrx7-python3-3.11.9-env/lib/python3.11/site-packages/librelane/scripts/base.sdc'…
[INFO] Using clock clk…
[INFO] Setting output delay to: 2
[INFO] Setting input delay to: 2
[INFO] Setting load to: 0.033442
[INFO] Setting clock uncertainty to: 0.25
[INFO] Setting clock transition to: 0.1499999999999999944488848768742172978818416595458984375
[INFO] Setting timing derate to: 5%
Using site height: 2.72 and site width: 0.46…
[INFO] Using relative sizing for the floorplan.
[INFO IFP-0001] Added 31 rows of 185 site unithd.
[INFO IFP-0030] Inserted 0 tiecells using sky130_fd_sc_hd__conb_1/LO.
[INFO IFP-0030] Inserted 0 tiecells using sky130_fd_sc_hd__conb_1/HI.
[INFO] Extracting DIE_AREA and CORE_AREA from the floorplan
[INFO] Floorplanned on a die area of 0.0 0.0 96.255 106.975 (µm).
[INFO] Floorplanned on a core area of 5.52 10.88 90.62 95.2 (µm).
Writing metric design__die__bbox: 0.0 0.0 96.255 106.975
Writing metric design__core__bbox: 5.52 10.88 90.62 95.2
Setting global connections for newly added cells…
[INFO] Setting global connections...
Updating metrics…
Cell type report:                       Count       Area
  Inverter                                 10      37.54
  Sequential cell                          85    1757.94
  Multi-Input combinational cell          198    1835.51
  Total                                   293    3630.98
Writing OpenROAD database to '/home/kevinlim/rtl/serdes/backend/runs/RUN_2026-01-28_17-21-54/13-openroad-floorplan/serdes_8bit.odb'…
Writing netlist to '/home/kevinlim/rtl/serdes/backend/runs/RUN_2026-01-28_17-21-54/13-openroad-floorplan/serdes_8bit.nl.v'…
Writing powered netlist to '/home/kevinlim/rtl/serdes/backend/runs/RUN_2026-01-28_17-21-54/13-openroad-floorplan/serdes_8bit.pnl.v'…
Writing layout to '/home/kevinlim/rtl/serdes/backend/runs/RUN_2026-01-28_17-21-54/13-openroad-floorplan/serdes_8bit.def'…
Writing timing constraints to '/home/kevinlim/rtl/serdes/backend/runs/RUN_2026-01-28_17-21-54/13-openroad-floorplan/serdes_8bit.sdc'…
