
===========================================================================
report_checks -unconstrained
===========================================================================
======================= nom_tt_025C_1v80 Corner ===================================

Startpoint: rst_n (input port clocked by clk)
Endpoint: _487_ (rising edge-triggered flip-flop clocked by clk)
Path Group: clk
Path Type: max

Fanout         Cap        Slew       Delay        Time   Description
---------------------------------------------------------------------------------------------
                                  0.000000    0.000000   clock clk (rise edge)
                                  0.000000    0.000000   clock network delay (propagated)
                                  2.000000    2.000000 ^ input external delay
     1    0.002799    0.019730    0.010291    2.010291 ^ rst_n (in)
                                                         rst_n (net)
                      0.019730    0.000000    2.010291 ^ input10/A (sky130_fd_sc_hd__clkbuf_1)
     1    0.003115    0.049208    0.074434    2.084725 ^ input10/X (sky130_fd_sc_hd__clkbuf_1)
                                                         net10 (net)
                      0.049208    0.000014    2.084738 ^ fanout31/A (sky130_fd_sc_hd__clkbuf_2)
     6    0.019587    0.112503    0.155227    2.239965 ^ fanout31/X (sky130_fd_sc_hd__clkbuf_2)
                                                         net31 (net)
                      0.112503    0.000027    2.239993 ^ fanout30/A (sky130_fd_sc_hd__clkbuf_2)
    10    0.024146    0.136273    0.195064    2.435056 ^ fanout30/X (sky130_fd_sc_hd__clkbuf_2)
                                                         net30 (net)
                      0.136273    0.000137    2.435193 ^ _314_/B (sky130_fd_sc_hd__and2b_2)
    10    0.034352    0.176974    0.270109    2.705301 ^ _314_/X (sky130_fd_sc_hd__and2b_2)
                                                         _157_ (net)
                      0.176974    0.000213    2.705514 ^ _390_/S (sky130_fd_sc_hd__mux2_1)
     1    0.002066    0.052515    0.330690    3.036204 v _390_/X (sky130_fd_sc_hd__mux2_1)
                                                         _072_ (net)
                      0.052515    0.000006    3.036210 v hold21/A (sky130_fd_sc_hd__dlygate4sd3_1)
     1    0.002758    0.052707    0.550740    3.586950 v hold21/X (sky130_fd_sc_hd__dlygate4sd3_1)
                                                         net52 (net)
                      0.052707    0.000015    3.586964 v _487_/D (sky130_fd_sc_hd__dfxtp_1)
                                              3.586964   data arrival time

                                 10.000000   10.000000   clock clk (rise edge)
                                  0.000000   10.000000   clock source latency
     1    0.014009    0.069007    0.046964   10.046965 ^ clk (in)
                                                         clk (net)
                      0.069010    0.000000   10.046965 ^ clkbuf_0_clk/A (sky130_fd_sc_hd__clkbuf_16)
     8    0.072321    0.089559    0.174849   10.221813 ^ clkbuf_0_clk/X (sky130_fd_sc_hd__clkbuf_16)
                                                         clknet_0_clk (net)
                      0.089559    0.000304   10.222116 ^ clkbuf_3_6__f_clk/A (sky130_fd_sc_hd__clkbuf_16)
    11    0.028953    0.050224    0.150131   10.372248 ^ clkbuf_3_6__f_clk/X (sky130_fd_sc_hd__clkbuf_16)
                                                         clknet_3_6__leaf_clk (net)
                      0.050224    0.000016   10.372263 ^ _487_/CLK (sky130_fd_sc_hd__dfxtp_1)
                                 -0.250000   10.122263   clock uncertainty
                                  0.000000   10.122263   clock reconvergence pessimism
                                 -0.112692   10.009571   library setup time
                                             10.009571   data required time
---------------------------------------------------------------------------------------------
                                             10.009571   data required time
                                             -3.586964   data arrival time
---------------------------------------------------------------------------------------------
                                              6.422606   slack (MET)




===========================================================================
report_checks --slack_max -0.01
============================================================================
======================= nom_tt_025C_1v80 Corner ===================================

No paths found.


===========================================================================
 report_check_types -max_slew -max_cap -max_fanout -violators
============================================================================
======================= nom_tt_025C_1v80 Corner ===================================

max fanout

Pin                                   Limit Fanout  Slack
---------------------------------------------------------
clkbuf_3_2__f_clk/X                      10     12     -2 (VIOLATED)
clkbuf_3_3__f_clk/X                      10     12     -2 (VIOLATED)
clkbuf_3_1__f_clk/X                      10     11        (VIOLATED)
clkbuf_3_5__f_clk/X                      10     11        (VIOLATED)
clkbuf_3_6__f_clk/X                      10     11        (VIOLATED)



===========================================================================
report_parasitic_annotation -report_unannotated
============================================================================
Found 7 unannotated drivers.
 clkload0/Y
 clkload1/X
 clkload2/X
 clkload3/Y
 clkload4/X
 clkload5/X
 clkload6/Y
Found 0 partially unannotated drivers.

===========================================================================
max slew violation count 0
Writing metric design__max_slew_violation__count__corner:nom_tt_025C_1v80: 0
max fanout violation count 5
Writing metric design__max_fanout_violation__count__corner:nom_tt_025C_1v80: 5
max cap violation count 0
Writing metric design__max_cap_violation__count__corner:nom_tt_025C_1v80: 0
============================================================================

===========================================================================
check_setup -verbose -unconstrained_endpoints -multiple_clock -no_clock -no_input_delay -loops -generated_clocks
===========================================================================
Warning: There are 8 unclocked register/latch pins.
  _461_/GATE_N
  _462_/GATE_N
  _463_/GATE_N
  _464_/GATE_N
  _465_/GATE_N
  _466_/GATE_N
  _467_/GATE_N
  _468_/GATE_N
Warning: There are 8 unconstrained endpoints.
  _461_/D
  _462_/D
  _463_/D
  _464_/D
  _465_/D
  _466_/D
  _467_/D
  _468_/D
