Clock: clk
Sources: clk 
Generated: no
Virtual: no
Propagated: no
Period: 10.000000

===========================================================================
report_clock_properties
============================================================================
Clock                   Period          Waveform
----------------------------------------------------
clk                  10.000000    0.000000  5.000000

===========================================================================
report_clock_latency
============================================================================
Clock clk
rise -> rise
    min     max
0.000000 0.000000 source latency
0.447746         network latency _416_/CLK
        2.439725 network latency _461_/GATE_N
---------------
0.447746 2.439725 latency
        1.991979 skew

rise -> fall
    min     max
0.000000 0.000000 source latency
2.250887         network latency _461_/GATE_N
        2.323027 network latency _461_/GATE_N
---------------
2.250887 2.323027 latency
        0.072140 skew

fall -> fall
    min     max
0.000000 0.000000 source latency
0.211009         network latency _416_/CLK
        0.211009 network latency _416_/CLK
---------------
0.211009 0.211009 latency
        0.000000 skew



===========================================================================
report_clock_min_period
============================================================================
clk period_min = 2.12 fmax = 471.73
