143. Printing statistics.

=== serdes_8bit ===

   Number of wires:                305
   Number of wire bits:            401
   Number of public wires:          22
   Number of public wire bits:     101
   Number of ports:                  6
   Number of port bits:             20
   Number of memories:               0
   Number of memory bits:            0
   Number of processes:              0
   Number of cells:                361
     $_ANDNOT_                      38
     $_AND_                         15
     $_MUX_                        174
     $_NAND_                         6
     $_NOR_                          4
     $_NOT_                         13
     $_ORNOT_                        5
     $_OR_                          16
     $_XNOR_                         2
     $_XOR_                          3
     sky130_fd_sc_hd__dfxtp_2       77
     sky130_fd_sc_hd__dlxtn_1        8

   Area for cell type $_NOT_ is unknown!
   Area for cell type $_AND_ is unknown!
   Area for cell type $_NAND_ is unknown!
   Area for cell type $_OR_ is unknown!
   Area for cell type $_NOR_ is unknown!
   Area for cell type $_XOR_ is unknown!
   Area for cell type $_XNOR_ is unknown!
   Area for cell type $_ANDNOT_ is unknown!
   Area for cell type $_ORNOT_ is unknown!
   Area for cell type $_MUX_ is unknown!

   Chip area for module '\serdes_8bit': 1757.936000
     of which used for sequential elements: 1637.820800 (93.17%)

