137. Printing statistics.

=== serdes_8bit ===

   Number of wires:                182
   Number of wire bits:            278
   Number of public wires:          22
   Number of public wire bits:     101
   Number of ports:                  6
   Number of port bits:             20
   Number of memories:               0
   Number of memory bits:            0
   Number of processes:              0
   Number of cells:                262
     $_ANDNOT_                      38
     $_AND_                         15
     $_DFFE_PP_                     29
     $_DFF_P_                        6
     $_DLATCH_N_                     8
     $_MUX_                         75
     $_NAND_                         6
     $_NOR_                          4
     $_NOT_                         13
     $_ORNOT_                        5
     $_OR_                          16
     $_SDFFE_PN0N_                  10
     $_SDFFE_PN0P_                  18
     $_SDFF_PN0_                    10
     $_SDFF_PP0_                     2
     $_SDFF_PP1_                     2
     $_XNOR_                         2
     $_XOR_                          3

   Area for cell type $_NOT_ is unknown!
   Area for cell type $_AND_ is unknown!
   Area for cell type $_NAND_ is unknown!
   Area for cell type $_OR_ is unknown!
   Area for cell type $_NOR_ is unknown!
   Area for cell type $_XOR_ is unknown!
   Area for cell type $_XNOR_ is unknown!
   Area for cell type $_ANDNOT_ is unknown!
   Area for cell type $_ORNOT_ is unknown!
   Area for cell type $_MUX_ is unknown!
   Area for cell type $_DFF_P_ is unknown!
   Area for cell type $_DFFE_PP_ is unknown!
   Area for cell type $_SDFF_PN0_ is unknown!
   Area for cell type $_SDFF_PP0_ is unknown!
   Area for cell type $_SDFF_PP1_ is unknown!
   Area for cell type $_SDFFE_PN0N_ is unknown!
   Area for cell type $_SDFFE_PN0P_ is unknown!
   Area for cell type $_DLATCH_N_ is unknown!

