151. Printing statistics.

=== serdes_8bit ===

   Number of wires:                290
   Number of wire bits:            304
   Number of public wires:          82
   Number of public wire bits:      96
   Number of ports:                  6
   Number of port bits:             20
   Number of memories:               0
   Number of memory bits:            0
   Number of processes:              0
   Number of cells:                293
     sky130_fd_sc_hd__a211o_2        2
     sky130_fd_sc_hd__a211oi_2       1
     sky130_fd_sc_hd__a21boi_2       1
     sky130_fd_sc_hd__a21o_2         8
     sky130_fd_sc_hd__a21oi_2        8
     sky130_fd_sc_hd__a221o_2        2
     sky130_fd_sc_hd__a221oi_2       1
     sky130_fd_sc_hd__a22o_2        18
     sky130_fd_sc_hd__a2bb2o_2       3
     sky130_fd_sc_hd__a311o_2        1
     sky130_fd_sc_hd__a31o_2         1
     sky130_fd_sc_hd__a32o_2         8
     sky130_fd_sc_hd__and2_2        25
     sky130_fd_sc_hd__and2b_2        5
     sky130_fd_sc_hd__and3_2         4
     sky130_fd_sc_hd__and3b_2        2
     sky130_fd_sc_hd__and4_2         1
     sky130_fd_sc_hd__and4bb_2       2
     sky130_fd_sc_hd__dfxtp_2       77
     sky130_fd_sc_hd__dlxtn_1        8
     sky130_fd_sc_hd__inv_2         10
     sky130_fd_sc_hd__mux2_1        40
     sky130_fd_sc_hd__nand2_2       16
     sky130_fd_sc_hd__nand2b_2       3
     sky130_fd_sc_hd__nand3_2        1
     sky130_fd_sc_hd__nor2_2         8
     sky130_fd_sc_hd__o211a_2        3
     sky130_fd_sc_hd__o21a_2         3
     sky130_fd_sc_hd__o21ai_2       10
     sky130_fd_sc_hd__o21ba_2        1
     sky130_fd_sc_hd__o22a_2         2
     sky130_fd_sc_hd__o311a_2        1
     sky130_fd_sc_hd__o31ai_2        1
     sky130_fd_sc_hd__or2_2          5
     sky130_fd_sc_hd__or3_2          4
     sky130_fd_sc_hd__or3b_2         4
     sky130_fd_sc_hd__or4b_2         1
     sky130_fd_sc_hd__xnor2_2        1
     sky130_fd_sc_hd__xor2_2         1

   Chip area for module '\serdes_8bit': 3630.982400
     of which used for sequential elements: 1637.820800 (45.11%)

