Clock: clk
Sources: clk 
Generated: no
Virtual: yes
Propagated: no
Period: 10.000000

===========================================================================
report_clock_properties
============================================================================
Clock                   Period          Waveform
----------------------------------------------------
clk                  10.000000    0.000000  5.000000

===========================================================================
report_clock_latency
============================================================================
Clock clk
rise -> rise
    min     max
0.000000 0.000000 source latency
0.601445         network latency _471_/CLK
        2.536399 network latency _467_/GATE_N
---------------
0.601445 2.536399 latency
        1.934954 skew

rise -> fall
    min     max
0.000000 0.000000 source latency
2.265109         network latency _463_/GATE_N
        2.388329 network latency _467_/GATE_N
---------------
2.265109 2.388329 latency
        0.123220 skew

fall -> fall
    min     max
0.000000 0.000000 source latency
0.291673         network latency _471_/CLK
        0.295435 network latency _456_/CLK
---------------
0.291673 0.295435 latency
        0.003762 skew



===========================================================================
report_clock_min_period
============================================================================
clk period_min = 2.18 fmax = 458.47
