Starting…
Running 'Verilator.Lint' at 'runs/RUN_2026-01-28_17-09-43/01-verilator-lint'…
Logging subprocess to [repr.filename]'runs/RUN_2026-01-28_17-09-43/01-verilator-lint/verilator-lint.log'[/repr.filename]…
Running 'Checker.LintTimingConstructs' at 'runs/RUN_2026-01-28_17-09-43/02-checker-linttimingconstructs'…
Check for Lint Timing Errors clear.
Running 'Checker.LintErrors' at 'runs/RUN_2026-01-28_17-09-43/03-checker-linterrors'…
Check for Lint errors clear.
Running 'Checker.LintWarnings' at 'runs/RUN_2026-01-28_17-09-43/04-checker-lintwarnings'…
4 Lint warnings found.
Running 'Yosys.JsonHeader' at 'runs/RUN_2026-01-28_17-09-43/05-yosys-jsonheader'…
Logging subprocess to [repr.filename]'runs/RUN_2026-01-28_17-09-43/05-yosys-jsonheader/yosys-jsonheader.log'[/repr.filename]…
Subprocess had a non-zero exit.
Last 10 line(s):
Creating decoders for process `\serdes_controller.$proc$/home/kevinlim/rtl/serdes/rtl_simulation/serdes_controller.v:25$3'.
     1/2: $1\counter_next[3:0]
     2/2: $0\counter[3:0]
Creating decoders for process `\serdes_controller.$proc$/home/kevinlim/rtl/serdes/rtl_simulation/serdes_controller.v:15$1'.
     1/1: $0\q[2:0]
Creating decoders for process `\latch_8bit.$proc$/home/kevinlim/rtl/serdes/rtl_simulation/latch_8bit.v:8$24'.
     1/1: $0\data_8b_out[7:0]

11.8. Executing PROC_DLATCH pass (convert process syncs to latches).
ERROR: No latch inferred for signal `\serdes_controller.\q_next' from always_latch process `\serdes_controller.$proc$/home/kevinlim/rtl/serdes/rtl_simulation/serdes_controller.v:0$5'.

Full log file: 'runs/RUN_2026-01-28_17-09-43/05-yosys-jsonheader/yosys-jsonheader.log'
