Clock: clk
Sources: clk 
Generated: no
Virtual: yes
Propagated: no
Period: 10.000000

===========================================================================
report_clock_properties
============================================================================
Clock                   Period          Waveform
----------------------------------------------------
clk                  10.000000    0.000000  5.000000

===========================================================================
report_clock_latency
============================================================================
Clock clk
rise -> rise
    min     max
0.000000 0.000000 source latency
0.370463         network latency _431_/CLK
        2.704482 network latency _467_/GATE_N
---------------
0.370463 2.704482 latency
        2.334019 skew

rise -> fall
    min     max
0.000000 0.000000 source latency
2.361512         network latency _463_/GATE_N
        2.623903 network latency _467_/GATE_N
---------------
2.361512 2.623903 latency
        0.262391 skew

fall -> fall
    min     max
0.000000 0.000000 source latency
0.346457         network latency _431_/CLK
        0.349047 network latency _493_/CLK
---------------
0.346457 0.349047 latency
        0.002590 skew



===========================================================================
report_clock_min_period
============================================================================
clk period_min = 2.11 fmax = 474.40
