Clock: clk
Sources: clk 
Generated: no
Virtual: yes
Propagated: no
Period: 10.000000

===========================================================================
report_clock_properties
============================================================================
Clock                   Period          Waveform
----------------------------------------------------
clk                  10.000000    0.000000  5.000000

===========================================================================
report_clock_latency
============================================================================
Clock clk
rise -> rise
    min     max
0.000000 0.000000 source latency
0.274511         network latency _431_/CLK
        2.523522 network latency _468_/GATE_N
---------------
0.274511 2.523522 latency
        2.249011 skew

rise -> fall
    min     max
0.000000 0.000000 source latency
2.251161         network latency _463_/GATE_N
        2.446018 network latency _468_/GATE_N
---------------
2.251161 2.446018 latency
        0.194857 skew

fall -> fall
    min     max
0.000000 0.000000 source latency
0.247789         network latency _453_/CLK
        0.250985 network latency _483_/CLK
---------------
0.247789 0.250985 latency
        0.003196 skew



===========================================================================
report_clock_min_period
============================================================================
clk period_min = 1.46 fmax = 683.16
