Clock: clk
Sources: clk 
Generated: no
Virtual: no
Propagated: no
Period: 10.000000

===========================================================================
report_clock_properties
============================================================================
Clock                   Period          Waveform
----------------------------------------------------
clk                  10.000000    0.000000  5.000000

===========================================================================
report_clock_latency
============================================================================
Clock clk
rise -> rise
    min     max
0.000000 0.000000 source latency
0.663188         network latency _416_/CLK
        2.765060 network latency _461_/GATE_N
---------------
0.663188 2.765060 latency
        2.101872 skew

rise -> fall
    min     max
0.000000 0.000000 source latency
2.512023         network latency _461_/GATE_N
        2.656332 network latency _461_/GATE_N
---------------
2.512023 2.656332 latency
        0.144308 skew

fall -> fall
    min     max
0.000000 0.000000 source latency
0.374687         network latency _416_/CLK
        0.374687 network latency _416_/CLK
---------------
0.374687 0.374687 latency
        0.000000 skew



===========================================================================
report_clock_min_period
============================================================================
clk period_min = 4.02 fmax = 248.52
