                                                                        Cells by Master                                                                         
┏━━━━━━━━━━━━━━━━━━━━━━━━━━━━━━━━━━━━━━━━━━━━━━━━━━━━━━━━━━━━━━━━━━━━━━━━━━━━━━━━━━━━━━━━━━━━━━━━━━━━━━━━━━━━━━━━━━━━━━━━━━━━━━━━━┳━━━━━━━━━━━━━━━━━━━━━━━━━━━━┓
┃ Cell                                                                                                                            ┃ Count                      ┃
┡━━━━━━━━━━━━━━━━━━━━━━━━━━━━━━━━━━━━━━━━━━━━━━━━━━━━━━━━━━━━━━━━━━━━━━━━━━━━━━━━━━━━━━━━━━━━━━━━━━━━━━━━━━━━━━━━━━━━━━━━━━━━━━━━━╇━━━━━━━━━━━━━━━━━━━━━━━━━━━━┩
│ sky130_ef_sc_hd__decap_12                                                                                                       │ 73                         │
│ sky130_fd_sc_hd__a211o_1                                                                                                        │ 2                          │
│ sky130_fd_sc_hd__a211oi_1                                                                                                       │ 1                          │
│ sky130_fd_sc_hd__a21boi_1                                                                                                       │ 1                          │
│ sky130_fd_sc_hd__a21o_1                                                                                                         │ 8                          │
│ sky130_fd_sc_hd__a21oi_1                                                                                                        │ 8                          │
│ sky130_fd_sc_hd__a221o_1                                                                                                        │ 2                          │
│ sky130_fd_sc_hd__a221oi_1                                                                                                       │ 1                          │
│ sky130_fd_sc_hd__a22o_1                                                                                                         │ 18                         │
│ sky130_fd_sc_hd__a2bb2o_1                                                                                                       │ 3                          │
│ sky130_fd_sc_hd__a311o_1                                                                                                        │ 1                          │
│ sky130_fd_sc_hd__a31o_1                                                                                                         │ 1                          │
│ sky130_fd_sc_hd__a32o_1                                                                                                         │ 8                          │
│ sky130_fd_sc_hd__and2_1                                                                                                         │ 25                         │
│ sky130_fd_sc_hd__and2b_1                                                                                                        │ 2                          │
│ sky130_fd_sc_hd__and2b_2                                                                                                        │ 3                          │
│ sky130_fd_sc_hd__and3_1                                                                                                         │ 4                          │
│ sky130_fd_sc_hd__and3b_1                                                                                                        │ 2                          │
│ sky130_fd_sc_hd__and4_1                                                                                                         │ 1                          │
│ sky130_fd_sc_hd__and4bb_1                                                                                                       │ 2                          │
│ sky130_fd_sc_hd__buf_2                                                                                                          │ 12                         │
│ sky130_fd_sc_hd__bufinv_16                                                                                                      │ 1                          │
│ sky130_fd_sc_hd__clkbuf_1                                                                                                       │ 10                         │
│ sky130_fd_sc_hd__clkbuf_16                                                                                                      │ 9                          │
│ sky130_fd_sc_hd__clkbuf_2                                                                                                       │ 7                          │
│ sky130_fd_sc_hd__clkbuf_4                                                                                                       │ 3                          │
│ sky130_fd_sc_hd__clkbuf_8                                                                                                       │ 3                          │
│ sky130_fd_sc_hd__clkinv_2                                                                                                       │ 1                          │
│ sky130_fd_sc_hd__clkinvlp_4                                                                                                     │ 1                          │
│ sky130_fd_sc_hd__decap_3                                                                                                        │ 102                        │
│ sky130_fd_sc_hd__decap_4                                                                                                        │ 46                         │
│ sky130_fd_sc_hd__decap_6                                                                                                        │ 19                         │
│ sky130_fd_sc_hd__decap_8                                                                                                        │ 30                         │
│ sky130_fd_sc_hd__dfxtp_1                                                                                                        │ 76                         │
│ sky130_fd_sc_hd__dfxtp_2                                                                                                        │ 1                          │
│ sky130_fd_sc_hd__dlxtn_1                                                                                                        │ 3                          │
│ sky130_fd_sc_hd__dlxtn_2                                                                                                        │ 5                          │
│ sky130_fd_sc_hd__dlygate4sd3_1                                                                                                  │ 88                         │
│ sky130_fd_sc_hd__fill_1                                                                                                         │ 112                        │
│ sky130_fd_sc_hd__fill_2                                                                                                         │ 50                         │
│ sky130_fd_sc_hd__inv_2                                                                                                          │ 10                         │
│ sky130_fd_sc_hd__mux2_1                                                                                                         │ 40                         │
│ sky130_fd_sc_hd__nand2_1                                                                                                        │ 15                         │
│ sky130_fd_sc_hd__nand2_4                                                                                                        │ 1                          │
│ sky130_fd_sc_hd__nand2b_1                                                                                                       │ 1                          │
│ sky130_fd_sc_hd__nand2b_4                                                                                                       │ 2                          │
│ sky130_fd_sc_hd__nand3_1                                                                                                        │ 1                          │
│ sky130_fd_sc_hd__nor2_1                                                                                                         │ 8                          │
│ sky130_fd_sc_hd__o211a_1                                                                                                        │ 3                          │
│ sky130_fd_sc_hd__o21a_1                                                                                                         │ 3                          │
│ sky130_fd_sc_hd__o21ai_1                                                                                                        │ 8                          │
│ sky130_fd_sc_hd__o21ai_2                                                                                                        │ 2                          │
│ sky130_fd_sc_hd__o21ba_1                                                                                                        │ 1                          │
│ sky130_fd_sc_hd__o22a_1                                                                                                         │ 2                          │
│ sky130_fd_sc_hd__o311a_1                                                                                                        │ 1                          │
│ sky130_fd_sc_hd__o31ai_1                                                                                                        │ 1                          │
│ sky130_fd_sc_hd__or2_1                                                                                                          │ 4                          │
│ sky130_fd_sc_hd__or2_2                                                                                                          │ 1                          │
│ sky130_fd_sc_hd__or3_1                                                                                                          │ 4                          │
│ sky130_fd_sc_hd__or3b_1                                                                                                         │ 4                          │
│ sky130_fd_sc_hd__or4b_1                                                                                                         │ 1                          │
│ sky130_fd_sc_hd__tapvpwrvgnd_1                                                                                                  │ 99                         │
│ sky130_fd_sc_hd__xnor2_1                                                                                                        │ 1                          │
│ sky130_fd_sc_hd__xor2_1                                                                                                         │ 1                          │
└─────────────────────────────────────────────────────────────────────────────────────────────────────────────────────────────────┴────────────────────────────┘
