[WARNING ORD-0039] .openroad ignored with -python
                                Cells by Master                                 
┏━━━━━━━━━━━━━━━━━━━━━━━━━━━━━━━━━━━━━━━━━━━━━━━━━━━━━━━━━━━━━━━━┳━━━━━━━━━━━━━┓
┃ Cell                                                           ┃ Count       ┃
┡━━━━━━━━━━━━━━━━━━━━━━━━━━━━━━━━━━━━━━━━━━━━━━━━━━━━━━━━━━━━━━━━╇━━━━━━━━━━━━━┩
│ sky130_ef_sc_hd__decap_12                                      │ 73          │
│ sky130_fd_sc_hd__a211o_1                                       │ 2           │
│ sky130_fd_sc_hd__a211oi_1                                      │ 1           │
│ sky130_fd_sc_hd__a21boi_1                                      │ 1           │
│ sky130_fd_sc_hd__a21o_1                                        │ 8           │
│ sky130_fd_sc_hd__a21oi_1                                       │ 8           │
│ sky130_fd_sc_hd__a221o_1                                       │ 2           │
│ sky130_fd_sc_hd__a221oi_1                                      │ 1           │
│ sky130_fd_sc_hd__a22o_1                                        │ 18          │
│ sky130_fd_sc_hd__a2bb2o_1                                      │ 3           │
│ sky130_fd_sc_hd__a311o_1                                       │ 1           │
│ sky130_fd_sc_hd__a31o_1                                        │ 1           │
│ sky130_fd_sc_hd__a32o_1                                        │ 8           │
│ sky130_fd_sc_hd__and2_1                                        │ 25          │
│ sky130_fd_sc_hd__and2b_1                                       │ 2           │
│ sky130_fd_sc_hd__and2b_2                                       │ 3           │
│ sky130_fd_sc_hd__and3_1                                        │ 4           │
│ sky130_fd_sc_hd__and3b_1                                       │ 2           │
│ sky130_fd_sc_hd__and4_1                                        │ 1           │
│ sky130_fd_sc_hd__and4bb_1                                      │ 2           │
│ sky130_fd_sc_hd__buf_2                                         │ 12          │
│ sky130_fd_sc_hd__bufinv_16                                     │ 1           │
│ sky130_fd_sc_hd__clkbuf_1                                      │ 10          │
│ sky130_fd_sc_hd__clkbuf_16                                     │ 9           │
│ sky130_fd_sc_hd__clkbuf_2                                      │ 7           │
│ sky130_fd_sc_hd__clkbuf_4                                      │ 3           │
│ sky130_fd_sc_hd__clkbuf_8                                      │ 3           │
│ sky130_fd_sc_hd__clkinv_2                                      │ 1           │
│ sky130_fd_sc_hd__clkinvlp_4                                    │ 1           │
│ sky130_fd_sc_hd__decap_3                                       │ 102         │
│ sky130_fd_sc_hd__decap_4                                       │ 46          │
│ sky130_fd_sc_hd__decap_6                                       │ 19          │
│ sky130_fd_sc_hd__decap_8                                       │ 30          │
│ sky130_fd_sc_hd__dfxtp_1                                       │ 76          │
│ sky130_fd_sc_hd__dfxtp_2                                       │ 1           │
│ sky130_fd_sc_hd__dlxtn_1                                       │ 3           │
│ sky130_fd_sc_hd__dlxtn_2                                       │ 5           │
│ sky130_fd_sc_hd__dlygate4sd3_1                                 │ 88          │
│ sky130_fd_sc_hd__fill_1                                        │ 112         │
│ sky130_fd_sc_hd__fill_2                                        │ 50          │
│ sky130_fd_sc_hd__inv_2                                         │ 10          │
│ sky130_fd_sc_hd__mux2_1                                        │ 40          │
│ sky130_fd_sc_hd__nand2_1                                       │ 15          │
│ sky130_fd_sc_hd__nand2_4                                       │ 1           │
│ sky130_fd_sc_hd__nand2b_1                                      │ 1           │
│ sky130_fd_sc_hd__nand2b_4                                      │ 2           │
│ sky130_fd_sc_hd__nand3_1                                       │ 1           │
│ sky130_fd_sc_hd__nor2_1                                        │ 8           │
│ sky130_fd_sc_hd__o211a_1                                       │ 3           │
│ sky130_fd_sc_hd__o21a_1                                        │ 3           │
│ sky130_fd_sc_hd__o21ai_1                                       │ 8           │
│ sky130_fd_sc_hd__o21ai_2                                       │ 2           │
│ sky130_fd_sc_hd__o21ba_1                                       │ 1           │
│ sky130_fd_sc_hd__o22a_1                                        │ 2           │
│ sky130_fd_sc_hd__o311a_1                                       │ 1           │
│ sky130_fd_sc_hd__o31ai_1                                       │ 1           │
│ sky130_fd_sc_hd__or2_1                                         │ 4           │
│ sky130_fd_sc_hd__or2_2                                         │ 1           │
│ sky130_fd_sc_hd__or3_1                                         │ 4           │
│ sky130_fd_sc_hd__or3b_1                                        │ 4           │
│ sky130_fd_sc_hd__or4b_1                                        │ 1           │
│ sky130_fd_sc_hd__tapvpwrvgnd_1                                 │ 99          │
│ sky130_fd_sc_hd__xnor2_1                                       │ 1           │
│ sky130_fd_sc_hd__xor2_1                                        │ 1           │
└────────────────────────────────────────────────────────────────┴─────────────┘
                               Cells by Function                                
┏━━━━━━━━━━━━━━━━━━━━━━━━━━━━━━━━━━━━━━━━━━━━━━━━━━━━━━━━━━━━━━━┳━━━━━━━━━━━━━━┓
┃ Cell Function                                                 ┃ Count        ┃
┡━━━━━━━━━━━━━━━━━━━━━━━━━━━━━━━━━━━━━━━━━━━━━━━━━━━━━━━━━━━━━━━╇━━━━━━━━━━━━━━┩
│ sky130_ef_sc_hd__decap                                        │ 73           │
│ sky130_fd_sc_hd__a211o                                        │ 2            │
│ sky130_fd_sc_hd__a211oi                                       │ 1            │
│ sky130_fd_sc_hd__a21boi                                       │ 1            │
│ sky130_fd_sc_hd__a21o                                         │ 8            │
│ sky130_fd_sc_hd__a21oi                                        │ 8            │
│ sky130_fd_sc_hd__a221o                                        │ 2            │
│ sky130_fd_sc_hd__a221oi                                       │ 1            │
│ sky130_fd_sc_hd__a22o                                         │ 18           │
│ sky130_fd_sc_hd__a2bb2o                                       │ 3            │
│ sky130_fd_sc_hd__a311o                                        │ 1            │
│ sky130_fd_sc_hd__a31o                                         │ 1            │
│ sky130_fd_sc_hd__a32o                                         │ 8            │
│ sky130_fd_sc_hd__and2                                         │ 25           │
│ sky130_fd_sc_hd__and2b                                        │ 5            │
│ sky130_fd_sc_hd__and3                                         │ 4            │
│ sky130_fd_sc_hd__and3b                                        │ 2            │
│ sky130_fd_sc_hd__and4                                         │ 1            │
│ sky130_fd_sc_hd__and4bb                                       │ 2            │
│ sky130_fd_sc_hd__buf                                          │ 12           │
│ sky130_fd_sc_hd__bufinv                                       │ 1            │
│ sky130_fd_sc_hd__clkbuf                                       │ 32           │
│ sky130_fd_sc_hd__clkinv                                       │ 1            │
│ sky130_fd_sc_hd__clkinvlp                                     │ 1            │
│ sky130_fd_sc_hd__decap                                        │ 197          │
│ sky130_fd_sc_hd__dfxtp                                        │ 77           │
│ sky130_fd_sc_hd__dlxtn                                        │ 8            │
│ sky130_fd_sc_hd__dlygate4sd3                                  │ 88           │
│ sky130_fd_sc_hd__fill                                         │ 162          │
│ sky130_fd_sc_hd__inv                                          │ 10           │
│ sky130_fd_sc_hd__mux2                                         │ 40           │
│ sky130_fd_sc_hd__nand2                                        │ 16           │
│ sky130_fd_sc_hd__nand2b                                       │ 3            │
│ sky130_fd_sc_hd__nand3                                        │ 1            │
│ sky130_fd_sc_hd__nor2                                         │ 8            │
│ sky130_fd_sc_hd__o211a                                        │ 3            │
│ sky130_fd_sc_hd__o21a                                         │ 3            │
│ sky130_fd_sc_hd__o21ai                                        │ 10           │
│ sky130_fd_sc_hd__o21ba                                        │ 1            │
│ sky130_fd_sc_hd__o22a                                         │ 2            │
│ sky130_fd_sc_hd__o311a                                        │ 1            │
│ sky130_fd_sc_hd__o31ai                                        │ 1            │
│ sky130_fd_sc_hd__or2                                          │ 5            │
│ sky130_fd_sc_hd__or3                                          │ 4            │
│ sky130_fd_sc_hd__or3b                                         │ 4            │
│ sky130_fd_sc_hd__or4b                                         │ 1            │
│ sky130_fd_sc_hd__tapvpwrvgnd                                  │ 99           │
│ sky130_fd_sc_hd__xnor2                                        │ 1            │
│ sky130_fd_sc_hd__xor2                                         │ 1            │
└───────────────────────────────────────────────────────────────┴──────────────┘
                                  Cells by SCL                                  
┏━━━━━━━━━━━━━━━━━━━━━━━━━━━━━━━━━━━━━━━━━━━━━━━━━━━━━━━┳━━━━━━━━━━━━━━━━━━━━━━┓
┃ SCL                                                   ┃ Count                ┃
┡━━━━━━━━━━━━━━━━━━━━━━━━━━━━━━━━━━━━━━━━━━━━━━━━━━━━━━━╇━━━━━━━━━━━━━━━━━━━━━━┩
│ sky130_ef_sc_hd                                       │ 73                   │
│ sky130_fd_sc_hd                                       │ 886                  │
└───────────────────────────────────────────────────────┴──────────────────────┘
                             Buffers by Cell Master                             
┏━━━━━━━━━━━━━━━━━━━━━━━━━━━━━━━━━━━━━━━━━━━━━━━━━━━━━━━━━━━━━━━━┳━━━━━━━━━━━━━┓
┃ Buffer                                                         ┃ Count       ┃
┡━━━━━━━━━━━━━━━━━━━━━━━━━━━━━━━━━━━━━━━━━━━━━━━━━━━━━━━━━━━━━━━━╇━━━━━━━━━━━━━┩
│ sky130_fd_sc_hd__buf_2                                         │ 12          │
│ sky130_fd_sc_hd__clkbuf_1                                      │ 10          │
│ sky130_fd_sc_hd__clkbuf_16                                     │ 9           │
│ sky130_fd_sc_hd__clkbuf_2                                      │ 7           │
│ sky130_fd_sc_hd__clkbuf_4                                      │ 3           │
│ sky130_fd_sc_hd__clkbuf_8                                      │ 3           │
│ sky130_fd_sc_hd__dlygate4sd3_1                                 │ 88          │
└────────────────────────────────────────────────────────────────┴─────────────┘
