Clock: clk
Sources: clk 
Generated: no
Virtual: yes
Propagated: no
Period: 10.000000

===========================================================================
report_clock_properties
============================================================================
Clock                   Period          Waveform
----------------------------------------------------
clk                  10.000000    0.000000  5.000000

===========================================================================
report_clock_latency
============================================================================
Clock clk
rise -> rise
    min     max
0.000000 0.000000 source latency
0.688823         network latency _453_/CLK
        3.379197 network latency _468_/GATE_N
---------------
0.688823 3.379197 latency
        2.690374 skew

rise -> fall
    min     max
0.000000 0.000000 source latency
2.754767         network latency _463_/GATE_N
        3.280800 network latency _468_/GATE_N
---------------
2.754767 3.280800 latency
        0.526033 skew

fall -> fall
    min     max
0.000000 0.000000 source latency
0.648279         network latency _453_/CLK
        0.655716 network latency _483_/CLK
---------------
0.648279 0.655716 latency
        0.007438 skew



===========================================================================
report_clock_min_period
============================================================================
clk period_min = 4.58 fmax = 218.30
