Clock: clk
Sources: clk 
Generated: no
Virtual: yes
Propagated: no
Period: 10.000000

===========================================================================
report_clock_properties
============================================================================
Clock                   Period          Waveform
----------------------------------------------------
clk                  10.000000    0.000000  5.000000

===========================================================================
report_clock_latency
============================================================================
Clock clk
rise -> rise
    min     max
0.000000 0.000000 source latency
0.401966         network latency _453_/CLK
        2.781616 network latency _468_/GATE_N
---------------
0.401966 2.781616 latency
        2.379650 skew

rise -> fall
    min     max
0.000000 0.000000 source latency
2.387429         network latency _463_/GATE_N
        2.680012 network latency _468_/GATE_N
---------------
2.387429 2.680012 latency
        0.292583 skew

fall -> fall
    min     max
0.000000 0.000000 source latency
0.366913         network latency _453_/CLK
        0.370791 network latency _484_/CLK
---------------
0.366913 0.370791 latency
        0.003878 skew



===========================================================================
report_clock_min_period
============================================================================
clk period_min = 2.22 fmax = 449.83
