Clock: clk
Sources: clk 
Generated: no
Virtual: yes
Propagated: no
Period: 10.000000

===========================================================================
report_clock_properties
============================================================================
Clock                   Period          Waveform
----------------------------------------------------
clk                  10.000000    0.000000  5.000000

===========================================================================
report_clock_latency
============================================================================
Clock clk
rise -> rise
    min     max
0.000000 0.000000 source latency
0.678288         network latency _453_/CLK
        3.348437 network latency _468_/GATE_N
---------------
0.678288 3.348437 latency
        2.670150 skew

rise -> fall
    min     max
0.000000 0.000000 source latency
2.746513         network latency _463_/GATE_N
        3.257259 network latency _468_/GATE_N
---------------
2.746513 3.257259 latency
        0.510745 skew

fall -> fall
    min     max
0.000000 0.000000 source latency
0.640938         network latency _453_/CLK
        0.647625 network latency _443_/CLK
---------------
0.640938 0.647625 latency
        0.006687 skew



===========================================================================
report_clock_min_period
============================================================================
clk period_min = 4.57 fmax = 218.67
