Reading OpenROAD database at '/home/kevinlim/rtl/serdes/backend/runs/RUN_2026-01-28_17-21-54/17-openroad-cutrows/serdes_8bit.odb'…
Reading library file at '/home/kevinlim/.ciel/ciel/sky130/versions/0fe599b2afb6708d281543108caf8310912f54af/sky130A/libs.ref/sky130_fd_sc_hd/lib/sky130_fd_sc_hd__tt_025C_1v80.lib'…
Reading design constraints file at '/nix/store/dygnx4pddrv785rmrg7jb5gks9z6hrx7-python3-3.11.9-env/lib/python3.11/site-packages/librelane/scripts/base.sdc'…
[INFO] Using clock clk…
[INFO] Setting output delay to: 2
[INFO] Setting input delay to: 2
[INFO] Setting load to: 0.033442
[INFO] Setting clock uncertainty to: 0.25
[INFO] Setting clock transition to: 0.1499999999999999944488848768742172978818416595458984375
[INFO] Setting timing derate to: 5%
[INFO TAP-0004] Inserted 62 endcaps.
[INFO TAP-0005] Inserted 99 tapcells.
Setting global connections for newly added cells…
[INFO] Setting global connections...
Updating metrics…
Cell type report:                       Count       Area
  Fill cell                                62     232.72
  Tap cell                                 99     123.87
  Inverter                                 10      37.54
  Sequential cell                          85    1757.94
  Multi-Input combinational cell          198    1835.51
  Total                                   454    3987.57
Writing OpenROAD database to '/home/kevinlim/rtl/serdes/backend/runs/RUN_2026-01-28_17-21-54/18-openroad-tapendcapinsertion/serdes_8bit.odb'…
Writing netlist to '/home/kevinlim/rtl/serdes/backend/runs/RUN_2026-01-28_17-21-54/18-openroad-tapendcapinsertion/serdes_8bit.nl.v'…
Writing powered netlist to '/home/kevinlim/rtl/serdes/backend/runs/RUN_2026-01-28_17-21-54/18-openroad-tapendcapinsertion/serdes_8bit.pnl.v'…
Writing layout to '/home/kevinlim/rtl/serdes/backend/runs/RUN_2026-01-28_17-21-54/18-openroad-tapendcapinsertion/serdes_8bit.def'…
Writing timing constraints to '/home/kevinlim/rtl/serdes/backend/runs/RUN_2026-01-28_17-21-54/18-openroad-tapendcapinsertion/serdes_8bit.sdc'…
