Clock: clk
Sources: clk 
Generated: no
Virtual: yes
Propagated: no
Period: 10.000000

===========================================================================
report_clock_properties
============================================================================
Clock                   Period          Waveform
----------------------------------------------------
clk                  10.000000    0.000000  5.000000

===========================================================================
report_clock_latency
============================================================================
Clock clk
rise -> rise
    min     max
0.000000 0.000000 source latency
0.700382         network latency _431_/CLK
        3.410463 network latency _468_/GATE_N
---------------
0.700382 3.410463 latency
        2.710081 skew

rise -> fall
    min     max
0.000000 0.000000 source latency
2.765978         network latency _463_/GATE_N
        3.304299 network latency _468_/GATE_N
---------------
2.765978 3.304299 latency
        0.538321 skew

fall -> fall
    min     max
0.000000 0.000000 source latency
0.656618         network latency _453_/CLK
        0.664980 network latency _484_/CLK
---------------
0.656618 0.664980 latency
        0.008362 skew



===========================================================================
report_clock_min_period
============================================================================
clk period_min = 4.59 fmax = 217.75
